{"__type":"$$EventMessageAudit","id":"c1115a7f-05b9-441f-af59-8d0e0975ab3a","ts":"2025-06-27T09:26:25.605+00:00","eventName":"n8n.audit.user.credentials.updated","message":"n8n.audit.user.credentials.updated","payload":{"userId":"521c1cd5-ffd7-4756-a2c1-694099c3dac1","_email":"sreddydk+laptop@gmail.com","_firstName":"Anders","_lastName":"Jacobsen","globalRole":"global:owner","credentialType":"googleDriveOAuth2Api","credentialId":"eiBFTRd9lBWmQZLR"}}
{"__type":"$$EventMessageConfirm","confirm":"c1115a7f-05b9-441f-af59-8d0e0975ab3a","ts":"2025-06-27T09:26:25.605+00:00","source":{"id":"0","name":"eventBus"}}
{"__type":"$$EventMessageAudit","id":"1857ffdf-0457-4924-9f8a-df9da2e13ed5","ts":"2025-06-27T09:28:08.674+00:00","eventName":"n8n.audit.workflow.updated","message":"n8n.audit.workflow.updated","payload":{"userId":"521c1cd5-ffd7-4756-a2c1-694099c3dac1","_email":"sreddydk+laptop@gmail.com","_firstName":"Anders","_lastName":"Jacobsen","globalRole":"global:owner","workflowId":"2jOdkDR1vrYEl1W0","workflowName":"Crosspost"}}
{"__type":"$$EventMessageConfirm","confirm":"1857ffdf-0457-4924-9f8a-df9da2e13ed5","ts":"2025-06-27T09:28:08.674+00:00","source":{"id":"0","name":"eventBus"}}
{"__type":"$$EventMessageAudit","id":"202c7b45-12c4-4b72-bda1-59ec50f937d3","ts":"2025-06-27T09:32:15.437+00:00","eventName":"n8n.audit.user.credentials.created","message":"n8n.audit.user.credentials.created","payload":{"userId":"521c1cd5-ffd7-4756-a2c1-694099c3dac1","_email":"sreddydk+laptop@gmail.com","_firstName":"Anders","_lastName":"Jacobsen","globalRole":"global:owner","credentialType":"youTubeOAuth2Api","credentialId":"i2AcjCYUQGuCIYv6","publicApi":false,"projectId":"DvljLk94CEJpzYAO","projectType":"personal"}}
{"__type":"$$EventMessageConfirm","confirm":"202c7b45-12c4-4b72-bda1-59ec50f937d3","ts":"2025-06-27T09:32:15.437+00:00","source":{"id":"0","name":"eventBus"}}
{"__type":"$$EventMessageWorkflow","id":"ffbe955e-9031-4ea1-ae83-9f66077f669f","ts":"2025-06-27T09:36:56.831+00:00","eventName":"n8n.workflow.started","message":"n8n.workflow.started","payload":{"executionId":"48","workflowId":"2jOdkDR1vrYEl1W0","isManual":false,"workflowName":"Crosspost"}}
{"__type":"$$EventMessageConfirm","confirm":"ffbe955e-9031-4ea1-ae83-9f66077f669f","ts":"2025-06-27T09:36:56.831+00:00","source":{"id":"0","name":"eventBus"}}
{"__type":"$$EventMessageNode","id":"23328b6c-d9a5-4cbf-b96c-ba216a86496e","ts":"2025-06-27T09:36:56.832+00:00","eventName":"n8n.node.started","message":"n8n.node.started","payload":{"workflowId":"2jOdkDR1vrYEl1W0","workflowName":"Crosspost","executionId":"48","nodeType":"n8n-nodes-base.manualTrigger","nodeName":"When clicking ‘Execute workflow’","nodeId":"33c350f9-5716-4812-813f-45ec051183ac"}}
{"__type":"$$EventMessageConfirm","confirm":"23328b6c-d9a5-4cbf-b96c-ba216a86496e","ts":"2025-06-27T09:36:56.832+00:00","source":{"id":"0","name":"eventBus"}}
{"__type":"$$EventMessageNode","id":"9531dd26-f43d-4a38-84fd-b132c6f7abfa","ts":"2025-06-27T09:36:56.833+00:00","eventName":"n8n.node.finished","message":"n8n.node.finished","payload":{"workflowId":"2jOdkDR1vrYEl1W0","workflowName":"Crosspost","executionId":"48","nodeType":"n8n-nodes-base.manualTrigger","nodeName":"When clicking ‘Execute workflow’","nodeId":"33c350f9-5716-4812-813f-45ec051183ac"}}
{"__type":"$$EventMessageConfirm","confirm":"9531dd26-f43d-4a38-84fd-b132c6f7abfa","ts":"2025-06-27T09:36:56.833+00:00","source":{"id":"0","name":"eventBus"}}
{"__type":"$$EventMessageNode","id":"21ff9242-f6bf-418b-a8f7-525296fa986e","ts":"2025-06-27T09:36:56.834+00:00","eventName":"n8n.node.started","message":"n8n.node.started","payload":{"workflowId":"2jOdkDR1vrYEl1W0","workflowName":"Crosspost","executionId":"48","nodeType":"n8n-nodes-base.googleDrive","nodeName":"Search files and folders","nodeId":"175dc277-0904-4543-97f7-f592f3db5d53"}}
{"__type":"$$EventMessageConfirm","confirm":"21ff9242-f6bf-418b-a8f7-525296fa986e","ts":"2025-06-27T09:36:56.834+00:00","source":{"id":"0","name":"eventBus"}}
{"__type":"$$EventMessageNode","id":"274db35e-62c7-45b3-a8d3-ad12375cbf76","ts":"2025-06-27T09:36:57.199+00:00","eventName":"n8n.node.finished","message":"n8n.node.finished","payload":{"workflowId":"2jOdkDR1vrYEl1W0","workflowName":"Crosspost","executionId":"48","nodeType":"n8n-nodes-base.googleDrive","nodeName":"Search files and folders","nodeId":"175dc277-0904-4543-97f7-f592f3db5d53"}}
{"__type":"$$EventMessageConfirm","confirm":"274db35e-62c7-45b3-a8d3-ad12375cbf76","ts":"2025-06-27T09:36:57.199+00:00","source":{"id":"0","name":"eventBus"}}
{"__type":"$$EventMessageNode","id":"4cda633f-6b91-453c-a2aa-47f3f0904cb6","ts":"2025-06-27T09:36:57.200+00:00","eventName":"n8n.node.started","message":"n8n.node.started","payload":{"workflowId":"2jOdkDR1vrYEl1W0","workflowName":"Crosspost","executionId":"48","nodeType":"n8n-nodes-base.splitInBatches","nodeName":"Loop Over Items","nodeId":"46d3c95b-f767-4527-9432-7d4302e48559"}}
{"__type":"$$EventMessageConfirm","confirm":"4cda633f-6b91-453c-a2aa-47f3f0904cb6","ts":"2025-06-27T09:36:57.200+00:00","source":{"id":"0","name":"eventBus"}}
{"__type":"$$EventMessageNode","id":"bf1f4f7c-5475-46a2-b0ef-d1d2de8108d7","ts":"2025-06-27T09:36:57.200+00:00","eventName":"n8n.node.finished","message":"n8n.node.finished","payload":{"workflowId":"2jOdkDR1vrYEl1W0","workflowName":"Crosspost","executionId":"48","nodeType":"n8n-nodes-base.splitInBatches","nodeName":"Loop Over Items","nodeId":"46d3c95b-f767-4527-9432-7d4302e48559"}}
{"__type":"$$EventMessageConfirm","confirm":"bf1f4f7c-5475-46a2-b0ef-d1d2de8108d7","ts":"2025-06-27T09:36:57.201+00:00","source":{"id":"0","name":"eventBus"}}
{"__type":"$$EventMessageNode","id":"1e53a2fe-0705-455d-8023-bd431d6c1b7f","ts":"2025-06-27T09:36:57.201+00:00","eventName":"n8n.node.started","message":"n8n.node.started","payload":{"workflowId":"2jOdkDR1vrYEl1W0","workflowName":"Crosspost","executionId":"48","nodeType":"n8n-nodes-base.googleDrive","nodeName":"Download file","nodeId":"ac87e443-3099-4f90-99fe-f879e6fc2826"}}
{"__type":"$$EventMessageConfirm","confirm":"1e53a2fe-0705-455d-8023-bd431d6c1b7f","ts":"2025-06-27T09:36:57.201+00:00","source":{"id":"0","name":"eventBus"}}
{"__type":"$$EventMessageNode","id":"3ad66085-8a91-4d71-8fd0-283a71374b8f","ts":"2025-06-27T05:36:59.476-04:00","eventName":"n8n.node.finished","message":"n8n.node.finished","payload":{"workflowId":"2jOdkDR1vrYEl1W0","workflowName":"Crosspost","executionId":"48","nodeType":"n8n-nodes-base.googleDrive","nodeName":"Download file","nodeId":"ac87e443-3099-4f90-99fe-f879e6fc2826"}}
{"__type":"$$EventMessageConfirm","confirm":"3ad66085-8a91-4d71-8fd0-283a71374b8f","ts":"2025-06-27T05:36:59.476-04:00","source":{"id":"0","name":"eventBus"}}
{"__type":"$$EventMessageNode","id":"ff46f267-92f6-4b3e-9dc1-ca0a5a77acf1","ts":"2025-06-27T05:36:59.490-04:00","eventName":"n8n.node.started","message":"n8n.node.started","payload":{"workflowId":"2jOdkDR1vrYEl1W0","workflowName":"Crosspost","executionId":"48","nodeType":"n8n-nodes-base.youTube","nodeName":"Upload a video","nodeId":"58a80db7-c5d9-4b5a-810d-ba22ee6c011e"}}
{"__type":"$$EventMessageConfirm","confirm":"ff46f267-92f6-4b3e-9dc1-ca0a5a77acf1","ts":"2025-06-27T05:36:59.490-04:00","source":{"id":"0","name":"eventBus"}}
{"__type":"$$EventMessageNode","id":"9ad5b8cb-35b7-41ab-a29e-242696de4440","ts":"2025-06-27T05:36:59.518-04:00","eventName":"n8n.node.finished","message":"n8n.node.finished","payload":{"workflowId":"2jOdkDR1vrYEl1W0","workflowName":"Crosspost","executionId":"48","nodeType":"n8n-nodes-base.youTube","nodeName":"Upload a video","nodeId":"58a80db7-c5d9-4b5a-810d-ba22ee6c011e"}}
{"__type":"$$EventMessageConfirm","confirm":"9ad5b8cb-35b7-41ab-a29e-242696de4440","ts":"2025-06-27T05:36:59.518-04:00","source":{"id":"0","name":"eventBus"}}
{"__type":"$$EventMessageWorkflow","id":"5473f39c-7100-4cd8-b521-cec29cb34c75","ts":"2025-06-27T05:36:59.521-04:00","eventName":"n8n.workflow.failed","message":"n8n.workflow.failed","payload":{"executionId":"48","userId":"521c1cd5-ffd7-4756-a2c1-694099c3dac1","success":false,"isManual":true,"workflowId":"2jOdkDR1vrYEl1W0","workflowName":"Crosspost","lastNodeExecuted":"Upload a video","errorNodeType":"n8n-nodes-base.youTube","errorMessage":"The item has no binary field '[object Object]' [item 0]"}}
{"__type":"$$EventMessageConfirm","confirm":"5473f39c-7100-4cd8-b521-cec29cb34c75","ts":"2025-06-27T05:36:59.521-04:00","source":{"id":"0","name":"eventBus"}}
{"__type":"$$EventMessageWorkflow","id":"430dda0a-d335-4a85-ac9d-89895857b12c","ts":"2025-06-27T05:40:00.851-04:00","eventName":"n8n.workflow.started","message":"n8n.workflow.started","payload":{"executionId":"49","workflowId":"2jOdkDR1vrYEl1W0","isManual":false,"workflowName":"Crosspost"}}
{"__type":"$$EventMessageConfirm","confirm":"430dda0a-d335-4a85-ac9d-89895857b12c","ts":"2025-06-27T05:40:00.851-04:00","source":{"id":"0","name":"eventBus"}}
{"__type":"$$EventMessageNode","id":"3404772b-586b-4a18-90e8-63f38946755b","ts":"2025-06-27T05:40:00.852-04:00","eventName":"n8n.node.started","message":"n8n.node.started","payload":{"workflowId":"2jOdkDR1vrYEl1W0","workflowName":"Crosspost","executionId":"49","nodeType":"n8n-nodes-base.manualTrigger","nodeName":"When clicking ‘Execute workflow’","nodeId":"33c350f9-5716-4812-813f-45ec051183ac"}}
{"__type":"$$EventMessageConfirm","confirm":"3404772b-586b-4a18-90e8-63f38946755b","ts":"2025-06-27T05:40:00.852-04:00","source":{"id":"0","name":"eventBus"}}
{"__type":"$$EventMessageNode","id":"49a48749-17aa-47b4-9773-bfa12fa6eabf","ts":"2025-06-27T05:40:00.852-04:00","eventName":"n8n.node.finished","message":"n8n.node.finished","payload":{"workflowId":"2jOdkDR1vrYEl1W0","workflowName":"Crosspost","executionId":"49","nodeType":"n8n-nodes-base.manualTrigger","nodeName":"When clicking ‘Execute workflow’","nodeId":"33c350f9-5716-4812-813f-45ec051183ac"}}
{"__type":"$$EventMessageConfirm","confirm":"49a48749-17aa-47b4-9773-bfa12fa6eabf","ts":"2025-06-27T05:40:00.852-04:00","source":{"id":"0","name":"eventBus"}}
{"__type":"$$EventMessageNode","id":"5b762643-b56c-4eb5-845e-5df153d4285c","ts":"2025-06-27T05:40:00.853-04:00","eventName":"n8n.node.started","message":"n8n.node.started","payload":{"workflowId":"2jOdkDR1vrYEl1W0","workflowName":"Crosspost","executionId":"49","nodeType":"n8n-nodes-base.googleDrive","nodeName":"Search files and folders","nodeId":"175dc277-0904-4543-97f7-f592f3db5d53"}}
{"__type":"$$EventMessageConfirm","confirm":"5b762643-b56c-4eb5-845e-5df153d4285c","ts":"2025-06-27T05:40:00.853-04:00","source":{"id":"0","name":"eventBus"}}
{"__type":"$$EventMessageNode","id":"3c45c9a4-0232-4430-b466-9d90eca65f89","ts":"2025-06-27T05:40:01.161-04:00","eventName":"n8n.node.finished","message":"n8n.node.finished","payload":{"workflowId":"2jOdkDR1vrYEl1W0","workflowName":"Crosspost","executionId":"49","nodeType":"n8n-nodes-base.googleDrive","nodeName":"Search files and folders","nodeId":"175dc277-0904-4543-97f7-f592f3db5d53"}}
{"__type":"$$EventMessageConfirm","confirm":"3c45c9a4-0232-4430-b466-9d90eca65f89","ts":"2025-06-27T05:40:01.162-04:00","source":{"id":"0","name":"eventBus"}}
{"__type":"$$EventMessageNode","id":"5945858a-b681-4f50-b002-bdfa9aa70ef8","ts":"2025-06-27T05:40:01.162-04:00","eventName":"n8n.node.started","message":"n8n.node.started","payload":{"workflowId":"2jOdkDR1vrYEl1W0","workflowName":"Crosspost","executionId":"49","nodeType":"n8n-nodes-base.splitInBatches","nodeName":"Loop Over Items","nodeId":"46d3c95b-f767-4527-9432-7d4302e48559"}}
{"__type":"$$EventMessageConfirm","confirm":"5945858a-b681-4f50-b002-bdfa9aa70ef8","ts":"2025-06-27T05:40:01.162-04:00","source":{"id":"0","name":"eventBus"}}
{"__type":"$$EventMessageNode","id":"fe19341f-7e35-40e9-88d3-ef30c4dcdd0b","ts":"2025-06-27T05:40:01.162-04:00","eventName":"n8n.node.finished","message":"n8n.node.finished","payload":{"workflowId":"2jOdkDR1vrYEl1W0","workflowName":"Crosspost","executionId":"49","nodeType":"n8n-nodes-base.splitInBatches","nodeName":"Loop Over Items","nodeId":"46d3c95b-f767-4527-9432-7d4302e48559"}}
{"__type":"$$EventMessageConfirm","confirm":"fe19341f-7e35-40e9-88d3-ef30c4dcdd0b","ts":"2025-06-27T05:40:01.162-04:00","source":{"id":"0","name":"eventBus"}}
{"__type":"$$EventMessageNode","id":"a621d40a-a762-4d6f-a5ba-fbaa7b7998cb","ts":"2025-06-27T05:40:01.163-04:00","eventName":"n8n.node.started","message":"n8n.node.started","payload":{"workflowId":"2jOdkDR1vrYEl1W0","workflowName":"Crosspost","executionId":"49","nodeType":"n8n-nodes-base.googleDrive","nodeName":"Download file","nodeId":"ac87e443-3099-4f90-99fe-f879e6fc2826"}}
{"__type":"$$EventMessageConfirm","confirm":"a621d40a-a762-4d6f-a5ba-fbaa7b7998cb","ts":"2025-06-27T05:40:01.163-04:00","source":{"id":"0","name":"eventBus"}}
{"__type":"$$EventMessageNode","id":"90b88005-0406-4969-a4af-b405c10db423","ts":"2025-06-27T05:40:02.968-04:00","eventName":"n8n.node.finished","message":"n8n.node.finished","payload":{"workflowId":"2jOdkDR1vrYEl1W0","workflowName":"Crosspost","executionId":"49","nodeType":"n8n-nodes-base.googleDrive","nodeName":"Download file","nodeId":"ac87e443-3099-4f90-99fe-f879e6fc2826"}}
{"__type":"$$EventMessageConfirm","confirm":"90b88005-0406-4969-a4af-b405c10db423","ts":"2025-06-27T05:40:02.968-04:00","source":{"id":"0","name":"eventBus"}}
{"__type":"$$EventMessageNode","id":"c64b6e7f-b2e3-4297-96b2-d6c94b746d07","ts":"2025-06-27T05:40:02.982-04:00","eventName":"n8n.node.started","message":"n8n.node.started","payload":{"workflowId":"2jOdkDR1vrYEl1W0","workflowName":"Crosspost","executionId":"49","nodeType":"n8n-nodes-base.youTube","nodeName":"Upload a video","nodeId":"58a80db7-c5d9-4b5a-810d-ba22ee6c011e"}}
{"__type":"$$EventMessageConfirm","confirm":"c64b6e7f-b2e3-4297-96b2-d6c94b746d07","ts":"2025-06-27T05:40:02.982-04:00","source":{"id":"0","name":"eventBus"}}
{"__type":"$$EventMessageNode","id":"02b41bff-981e-4a85-a0bd-4092d70ecdf8","ts":"2025-06-27T05:40:03.703-04:00","eventName":"n8n.node.finished","message":"n8n.node.finished","payload":{"workflowId":"2jOdkDR1vrYEl1W0","workflowName":"Crosspost","executionId":"49","nodeType":"n8n-nodes-base.youTube","nodeName":"Upload a video","nodeId":"58a80db7-c5d9-4b5a-810d-ba22ee6c011e"}}
{"__type":"$$EventMessageConfirm","confirm":"02b41bff-981e-4a85-a0bd-4092d70ecdf8","ts":"2025-06-27T05:40:03.703-04:00","source":{"id":"0","name":"eventBus"}}
{"__type":"$$EventMessageWorkflow","id":"325735e9-6d4d-49ed-af0c-19313c25ed74","ts":"2025-06-27T05:40:03.705-04:00","eventName":"n8n.workflow.failed","message":"n8n.workflow.failed","payload":{"executionId":"49","userId":"521c1cd5-ffd7-4756-a2c1-694099c3dac1","success":false,"isManual":true,"workflowId":"2jOdkDR1vrYEl1W0","workflowName":"Crosspost","lastNodeExecuted":"Upload a video","errorNodeType":"n8n-nodes-base.youTube","errorMessage":"Authorization failed - please check your credentials"}}
{"__type":"$$EventMessageConfirm","confirm":"325735e9-6d4d-49ed-af0c-19313c25ed74","ts":"2025-06-27T05:40:03.705-04:00","source":{"id":"0","name":"eventBus"}}
{"__type":"$$EventMessageAudit","id":"f09ad264-fd48-4aab-bda1-5e6f0678feb2","ts":"2025-06-27T05:40:45.230-04:00","eventName":"n8n.audit.user.credentials.updated","message":"n8n.audit.user.credentials.updated","payload":{"userId":"521c1cd5-ffd7-4756-a2c1-694099c3dac1","_email":"sreddydk+laptop@gmail.com","_firstName":"Anders","_lastName":"Jacobsen","globalRole":"global:owner","credentialType":"youTubeOAuth2Api","credentialId":"i2AcjCYUQGuCIYv6"}}
{"__type":"$$EventMessageConfirm","confirm":"f09ad264-fd48-4aab-bda1-5e6f0678feb2","ts":"2025-06-27T05:40:45.231-04:00","source":{"id":"0","name":"eventBus"}}
{"__type":"$$EventMessageWorkflow","id":"07acbc35-3ee8-4274-b2c5-7a382969fa21","ts":"2025-06-27T05:41:22.081-04:00","eventName":"n8n.workflow.started","message":"n8n.workflow.started","payload":{"executionId":"50","workflowId":"2jOdkDR1vrYEl1W0","isManual":false,"workflowName":"Crosspost"}}
{"__type":"$$EventMessageConfirm","confirm":"07acbc35-3ee8-4274-b2c5-7a382969fa21","ts":"2025-06-27T05:41:22.081-04:00","source":{"id":"0","name":"eventBus"}}
{"__type":"$$EventMessageNode","id":"03552365-e69b-4ce5-a586-574307fe4fd7","ts":"2025-06-27T05:41:22.082-04:00","eventName":"n8n.node.started","message":"n8n.node.started","payload":{"workflowId":"2jOdkDR1vrYEl1W0","workflowName":"Crosspost","executionId":"50","nodeType":"n8n-nodes-base.splitInBatches","nodeName":"Loop Over Items","nodeId":"46d3c95b-f767-4527-9432-7d4302e48559"}}
{"__type":"$$EventMessageConfirm","confirm":"03552365-e69b-4ce5-a586-574307fe4fd7","ts":"2025-06-27T05:41:22.082-04:00","source":{"id":"0","name":"eventBus"}}
{"__type":"$$EventMessageNode","id":"a3881cc4-dd63-44ed-9045-85d2daba091c","ts":"2025-06-27T05:41:22.083-04:00","eventName":"n8n.node.finished","message":"n8n.node.finished","payload":{"workflowId":"2jOdkDR1vrYEl1W0","workflowName":"Crosspost","executionId":"50","nodeType":"n8n-nodes-base.splitInBatches","nodeName":"Loop Over Items","nodeId":"46d3c95b-f767-4527-9432-7d4302e48559"}}
{"__type":"$$EventMessageConfirm","confirm":"a3881cc4-dd63-44ed-9045-85d2daba091c","ts":"2025-06-27T05:41:22.083-04:00","source":{"id":"0","name":"eventBus"}}
{"__type":"$$EventMessageNode","id":"d41a6f04-b98c-48d0-854e-0d342b76b7c5","ts":"2025-06-27T05:41:22.083-04:00","eventName":"n8n.node.started","message":"n8n.node.started","payload":{"workflowId":"2jOdkDR1vrYEl1W0","workflowName":"Crosspost","executionId":"50","nodeType":"n8n-nodes-base.googleDrive","nodeName":"Download file","nodeId":"ac87e443-3099-4f90-99fe-f879e6fc2826"}}
{"__type":"$$EventMessageConfirm","confirm":"d41a6f04-b98c-48d0-854e-0d342b76b7c5","ts":"2025-06-27T05:41:22.083-04:00","source":{"id":"0","name":"eventBus"}}
{"__type":"$$EventMessageNode","id":"068c994b-6556-4ed3-ad34-0382ab103f81","ts":"2025-06-27T05:41:24.357-04:00","eventName":"n8n.node.finished","message":"n8n.node.finished","payload":{"workflowId":"2jOdkDR1vrYEl1W0","workflowName":"Crosspost","executionId":"50","nodeType":"n8n-nodes-base.googleDrive","nodeName":"Download file","nodeId":"ac87e443-3099-4f90-99fe-f879e6fc2826"}}
{"__type":"$$EventMessageConfirm","confirm":"068c994b-6556-4ed3-ad34-0382ab103f81","ts":"2025-06-27T05:41:24.357-04:00","source":{"id":"0","name":"eventBus"}}
{"__type":"$$EventMessageNode","id":"8c643380-fdbd-43a7-b8c9-77fbbc09c1ac","ts":"2025-06-27T05:41:24.370-04:00","eventName":"n8n.node.started","message":"n8n.node.started","payload":{"workflowId":"2jOdkDR1vrYEl1W0","workflowName":"Crosspost","executionId":"50","nodeType":"n8n-nodes-base.youTube","nodeName":"Upload a video","nodeId":"58a80db7-c5d9-4b5a-810d-ba22ee6c011e"}}
{"__type":"$$EventMessageConfirm","confirm":"8c643380-fdbd-43a7-b8c9-77fbbc09c1ac","ts":"2025-06-27T05:41:24.370-04:00","source":{"id":"0","name":"eventBus"}}
{"__type":"$$EventMessageNode","id":"86065038-30e6-4116-989e-f8b7c5753c36","ts":"2025-06-27T05:41:24.980-04:00","eventName":"n8n.node.finished","message":"n8n.node.finished","payload":{"workflowId":"2jOdkDR1vrYEl1W0","workflowName":"Crosspost","executionId":"50","nodeType":"n8n-nodes-base.youTube","nodeName":"Upload a video","nodeId":"58a80db7-c5d9-4b5a-810d-ba22ee6c011e"}}
{"__type":"$$EventMessageConfirm","confirm":"86065038-30e6-4116-989e-f8b7c5753c36","ts":"2025-06-27T05:41:24.980-04:00","source":{"id":"0","name":"eventBus"}}
{"__type":"$$EventMessageWorkflow","id":"f41a9e94-2b0d-4921-81de-417d8976808e","ts":"2025-06-27T05:41:24.982-04:00","eventName":"n8n.workflow.failed","message":"n8n.workflow.failed","payload":{"executionId":"50","userId":"521c1cd5-ffd7-4756-a2c1-694099c3dac1","success":false,"isManual":true,"workflowId":"2jOdkDR1vrYEl1W0","workflowName":"Crosspost","lastNodeExecuted":"Upload a video","errorNodeType":"n8n-nodes-base.youTube","errorMessage":"Authorization failed - please check your credentials"}}
{"__type":"$$EventMessageConfirm","confirm":"f41a9e94-2b0d-4921-81de-417d8976808e","ts":"2025-06-27T05:41:24.982-04:00","source":{"id":"0","name":"eventBus"}}
{"__type":"$$EventMessageWorkflow","id":"5d2fb192-8fdd-4676-81a3-15138fbd82d9","ts":"2025-06-27T05:46:57.350-04:00","eventName":"n8n.workflow.started","message":"n8n.workflow.started","payload":{"executionId":"51","workflowId":"2jOdkDR1vrYEl1W0","isManual":false,"workflowName":"Crosspost"}}
{"__type":"$$EventMessageConfirm","confirm":"5d2fb192-8fdd-4676-81a3-15138fbd82d9","ts":"2025-06-27T05:46:57.350-04:00","source":{"id":"0","name":"eventBus"}}
{"__type":"$$EventMessageNode","id":"128261a2-137d-4134-88eb-c652078d5038","ts":"2025-06-27T05:46:57.351-04:00","eventName":"n8n.node.started","message":"n8n.node.started","payload":{"workflowId":"2jOdkDR1vrYEl1W0","workflowName":"Crosspost","executionId":"51","nodeType":"n8n-nodes-base.manualTrigger","nodeName":"When clicking ‘Execute workflow’","nodeId":"33c350f9-5716-4812-813f-45ec051183ac"}}
{"__type":"$$EventMessageConfirm","confirm":"128261a2-137d-4134-88eb-c652078d5038","ts":"2025-06-27T05:46:57.351-04:00","source":{"id":"0","name":"eventBus"}}
{"__type":"$$EventMessageNode","id":"44011340-f914-4fea-8d6f-3ec5abe8789e","ts":"2025-06-27T05:46:57.351-04:00","eventName":"n8n.node.finished","message":"n8n.node.finished","payload":{"workflowId":"2jOdkDR1vrYEl1W0","workflowName":"Crosspost","executionId":"51","nodeType":"n8n-nodes-base.manualTrigger","nodeName":"When clicking ‘Execute workflow’","nodeId":"33c350f9-5716-4812-813f-45ec051183ac"}}
{"__type":"$$EventMessageConfirm","confirm":"44011340-f914-4fea-8d6f-3ec5abe8789e","ts":"2025-06-27T05:46:57.352-04:00","source":{"id":"0","name":"eventBus"}}
{"__type":"$$EventMessageNode","id":"746407a5-198d-4e29-a053-7584d538ea2e","ts":"2025-06-27T05:46:57.352-04:00","eventName":"n8n.node.started","message":"n8n.node.started","payload":{"workflowId":"2jOdkDR1vrYEl1W0","workflowName":"Crosspost","executionId":"51","nodeType":"n8n-nodes-base.googleDrive","nodeName":"Search files and folders","nodeId":"175dc277-0904-4543-97f7-f592f3db5d53"}}
{"__type":"$$EventMessageConfirm","confirm":"746407a5-198d-4e29-a053-7584d538ea2e","ts":"2025-06-27T05:46:57.352-04:00","source":{"id":"0","name":"eventBus"}}
{"__type":"$$EventMessageNode","id":"aa4a09ed-1897-49f4-b552-79e840627b26","ts":"2025-06-27T05:46:57.642-04:00","eventName":"n8n.node.finished","message":"n8n.node.finished","payload":{"workflowId":"2jOdkDR1vrYEl1W0","workflowName":"Crosspost","executionId":"51","nodeType":"n8n-nodes-base.googleDrive","nodeName":"Search files and folders","nodeId":"175dc277-0904-4543-97f7-f592f3db5d53"}}
{"__type":"$$EventMessageConfirm","confirm":"aa4a09ed-1897-49f4-b552-79e840627b26","ts":"2025-06-27T05:46:57.642-04:00","source":{"id":"0","name":"eventBus"}}
{"__type":"$$EventMessageNode","id":"769cc6f9-3892-4a85-a846-3b77dfd9091d","ts":"2025-06-27T05:46:57.642-04:00","eventName":"n8n.node.started","message":"n8n.node.started","payload":{"workflowId":"2jOdkDR1vrYEl1W0","workflowName":"Crosspost","executionId":"51","nodeType":"n8n-nodes-base.splitInBatches","nodeName":"Loop Over Items","nodeId":"46d3c95b-f767-4527-9432-7d4302e48559"}}
{"__type":"$$EventMessageConfirm","confirm":"769cc6f9-3892-4a85-a846-3b77dfd9091d","ts":"2025-06-27T05:46:57.642-04:00","source":{"id":"0","name":"eventBus"}}
{"__type":"$$EventMessageNode","id":"ce21868d-2e7a-4fac-9523-2504f7edefb4","ts":"2025-06-27T05:46:57.642-04:00","eventName":"n8n.node.finished","message":"n8n.node.finished","payload":{"workflowId":"2jOdkDR1vrYEl1W0","workflowName":"Crosspost","executionId":"51","nodeType":"n8n-nodes-base.splitInBatches","nodeName":"Loop Over Items","nodeId":"46d3c95b-f767-4527-9432-7d4302e48559"}}
{"__type":"$$EventMessageConfirm","confirm":"ce21868d-2e7a-4fac-9523-2504f7edefb4","ts":"2025-06-27T05:46:57.642-04:00","source":{"id":"0","name":"eventBus"}}
{"__type":"$$EventMessageNode","id":"657643a4-03a4-4a7e-b8dd-d0bb2f7779a6","ts":"2025-06-27T05:46:57.642-04:00","eventName":"n8n.node.started","message":"n8n.node.started","payload":{"workflowId":"2jOdkDR1vrYEl1W0","workflowName":"Crosspost","executionId":"51","nodeType":"n8n-nodes-base.googleDrive","nodeName":"Download file","nodeId":"ac87e443-3099-4f90-99fe-f879e6fc2826"}}
{"__type":"$$EventMessageConfirm","confirm":"657643a4-03a4-4a7e-b8dd-d0bb2f7779a6","ts":"2025-06-27T05:46:57.642-04:00","source":{"id":"0","name":"eventBus"}}
{"__type":"$$EventMessageNode","id":"9fa78ff7-b012-4028-b7d5-85ef04a5b48e","ts":"2025-06-27T05:46:59.141-04:00","eventName":"n8n.node.finished","message":"n8n.node.finished","payload":{"workflowId":"2jOdkDR1vrYEl1W0","workflowName":"Crosspost","executionId":"51","nodeType":"n8n-nodes-base.googleDrive","nodeName":"Download file","nodeId":"ac87e443-3099-4f90-99fe-f879e6fc2826"}}
{"__type":"$$EventMessageConfirm","confirm":"9fa78ff7-b012-4028-b7d5-85ef04a5b48e","ts":"2025-06-27T05:46:59.141-04:00","source":{"id":"0","name":"eventBus"}}
{"__type":"$$EventMessageNode","id":"2a1487f0-1cca-4650-8ef8-381397f98b3b","ts":"2025-06-27T05:46:59.153-04:00","eventName":"n8n.node.started","message":"n8n.node.started","payload":{"workflowId":"2jOdkDR1vrYEl1W0","workflowName":"Crosspost","executionId":"51","nodeType":"n8n-nodes-base.youTube","nodeName":"Upload a video","nodeId":"58a80db7-c5d9-4b5a-810d-ba22ee6c011e"}}
{"__type":"$$EventMessageConfirm","confirm":"2a1487f0-1cca-4650-8ef8-381397f98b3b","ts":"2025-06-27T05:46:59.154-04:00","source":{"id":"0","name":"eventBus"}}
{"__type":"$$EventMessageNode","id":"ac5a21ec-1581-45e2-bbc5-1a81ea7f2eae","ts":"2025-06-27T05:47:01.813-04:00","eventName":"n8n.node.finished","message":"n8n.node.finished","payload":{"workflowId":"2jOdkDR1vrYEl1W0","workflowName":"Crosspost","executionId":"51","nodeType":"n8n-nodes-base.youTube","nodeName":"Upload a video","nodeId":"58a80db7-c5d9-4b5a-810d-ba22ee6c011e"}}
{"__type":"$$EventMessageConfirm","confirm":"ac5a21ec-1581-45e2-bbc5-1a81ea7f2eae","ts":"2025-06-27T05:47:01.813-04:00","source":{"id":"0","name":"eventBus"}}
{"__type":"$$EventMessageNode","id":"8bae7a05-9810-44e7-b642-c74208efa1b0","ts":"2025-06-27T05:47:01.814-04:00","eventName":"n8n.node.started","message":"n8n.node.started","payload":{"workflowId":"2jOdkDR1vrYEl1W0","workflowName":"Crosspost","executionId":"51","nodeType":"n8n-nodes-base.splitInBatches","nodeName":"Loop Over Items","nodeId":"46d3c95b-f767-4527-9432-7d4302e48559"}}
{"__type":"$$EventMessageConfirm","confirm":"8bae7a05-9810-44e7-b642-c74208efa1b0","ts":"2025-06-27T05:47:01.814-04:00","source":{"id":"0","name":"eventBus"}}
{"__type":"$$EventMessageNode","id":"eae604be-4e20-4b3d-8639-25e60405650c","ts":"2025-06-27T05:47:01.814-04:00","eventName":"n8n.node.finished","message":"n8n.node.finished","payload":{"workflowId":"2jOdkDR1vrYEl1W0","workflowName":"Crosspost","executionId":"51","nodeType":"n8n-nodes-base.splitInBatches","nodeName":"Loop Over Items","nodeId":"46d3c95b-f767-4527-9432-7d4302e48559"}}
{"__type":"$$EventMessageConfirm","confirm":"eae604be-4e20-4b3d-8639-25e60405650c","ts":"2025-06-27T05:47:01.814-04:00","source":{"id":"0","name":"eventBus"}}
{"__type":"$$EventMessageWorkflow","id":"c5d6c024-9f33-4d4c-a233-c4a4efb1cbf9","ts":"2025-06-27T05:47:01.816-04:00","eventName":"n8n.workflow.success","message":"n8n.workflow.success","payload":{"executionId":"51","userId":"521c1cd5-ffd7-4756-a2c1-694099c3dac1","success":true,"isManual":true,"workflowId":"2jOdkDR1vrYEl1W0","workflowName":"Crosspost"}}
{"__type":"$$EventMessageConfirm","confirm":"c5d6c024-9f33-4d4c-a233-c4a4efb1cbf9","ts":"2025-06-27T05:47:01.816-04:00","source":{"id":"0","name":"eventBus"}}
{"__type":"$$EventMessageWorkflow","id":"cff37e5e-fd2a-418f-a73b-7392d966265e","ts":"2025-06-27T05:54:03.365-04:00","eventName":"n8n.workflow.started","message":"n8n.workflow.started","payload":{"executionId":"52","workflowId":"2jOdkDR1vrYEl1W0","isManual":false,"workflowName":"Crosspost"}}
{"__type":"$$EventMessageConfirm","confirm":"cff37e5e-fd2a-418f-a73b-7392d966265e","ts":"2025-06-27T05:54:03.365-04:00","source":{"id":"0","name":"eventBus"}}
{"__type":"$$EventMessageNode","id":"72954a9f-68b7-4ae0-b376-f192c74c3c14","ts":"2025-06-27T05:54:03.365-04:00","eventName":"n8n.node.started","message":"n8n.node.started","payload":{"workflowId":"2jOdkDR1vrYEl1W0","workflowName":"Crosspost","executionId":"52","nodeType":"n8n-nodes-base.manualTrigger","nodeName":"When clicking ‘Execute workflow’","nodeId":"33c350f9-5716-4812-813f-45ec051183ac"}}
{"__type":"$$EventMessageConfirm","confirm":"72954a9f-68b7-4ae0-b376-f192c74c3c14","ts":"2025-06-27T05:54:03.365-04:00","source":{"id":"0","name":"eventBus"}}
{"__type":"$$EventMessageNode","id":"d39a43b4-72f8-419a-9e4c-08dc9b7473e2","ts":"2025-06-27T05:54:03.366-04:00","eventName":"n8n.node.finished","message":"n8n.node.finished","payload":{"workflowId":"2jOdkDR1vrYEl1W0","workflowName":"Crosspost","executionId":"52","nodeType":"n8n-nodes-base.manualTrigger","nodeName":"When clicking ‘Execute workflow’","nodeId":"33c350f9-5716-4812-813f-45ec051183ac"}}
{"__type":"$$EventMessageConfirm","confirm":"d39a43b4-72f8-419a-9e4c-08dc9b7473e2","ts":"2025-06-27T05:54:03.366-04:00","source":{"id":"0","name":"eventBus"}}
{"__type":"$$EventMessageNode","id":"891718e1-a743-480e-af44-8cfc8e1f6ed0","ts":"2025-06-27T05:54:03.366-04:00","eventName":"n8n.node.started","message":"n8n.node.started","payload":{"workflowId":"2jOdkDR1vrYEl1W0","workflowName":"Crosspost","executionId":"52","nodeType":"n8n-nodes-base.googleDrive","nodeName":"Search files and folders","nodeId":"175dc277-0904-4543-97f7-f592f3db5d53"}}
{"__type":"$$EventMessageConfirm","confirm":"891718e1-a743-480e-af44-8cfc8e1f6ed0","ts":"2025-06-27T05:54:03.366-04:00","source":{"id":"0","name":"eventBus"}}
{"__type":"$$EventMessageNode","id":"2a384bbc-8742-481a-9f4a-95773d30c717","ts":"2025-06-27T05:54:03.670-04:00","eventName":"n8n.node.finished","message":"n8n.node.finished","payload":{"workflowId":"2jOdkDR1vrYEl1W0","workflowName":"Crosspost","executionId":"52","nodeType":"n8n-nodes-base.googleDrive","nodeName":"Search files and folders","nodeId":"175dc277-0904-4543-97f7-f592f3db5d53"}}
{"__type":"$$EventMessageConfirm","confirm":"2a384bbc-8742-481a-9f4a-95773d30c717","ts":"2025-06-27T05:54:03.670-04:00","source":{"id":"0","name":"eventBus"}}
{"__type":"$$EventMessageNode","id":"ca6f8b98-8ef8-48b4-b4bc-975d82790ba8","ts":"2025-06-27T05:54:03.671-04:00","eventName":"n8n.node.started","message":"n8n.node.started","payload":{"workflowId":"2jOdkDR1vrYEl1W0","workflowName":"Crosspost","executionId":"52","nodeType":"n8n-nodes-base.splitInBatches","nodeName":"Loop Over Items","nodeId":"46d3c95b-f767-4527-9432-7d4302e48559"}}
{"__type":"$$EventMessageConfirm","confirm":"ca6f8b98-8ef8-48b4-b4bc-975d82790ba8","ts":"2025-06-27T05:54:03.671-04:00","source":{"id":"0","name":"eventBus"}}
{"__type":"$$EventMessageNode","id":"c0c5a56a-463a-4601-b877-c67ec2b9b35e","ts":"2025-06-27T05:54:03.671-04:00","eventName":"n8n.node.finished","message":"n8n.node.finished","payload":{"workflowId":"2jOdkDR1vrYEl1W0","workflowName":"Crosspost","executionId":"52","nodeType":"n8n-nodes-base.splitInBatches","nodeName":"Loop Over Items","nodeId":"46d3c95b-f767-4527-9432-7d4302e48559"}}
{"__type":"$$EventMessageConfirm","confirm":"c0c5a56a-463a-4601-b877-c67ec2b9b35e","ts":"2025-06-27T05:54:03.671-04:00","source":{"id":"0","name":"eventBus"}}
{"__type":"$$EventMessageNode","id":"a07266b5-ca89-4fa0-8283-5f0a59fae238","ts":"2025-06-27T05:54:03.671-04:00","eventName":"n8n.node.started","message":"n8n.node.started","payload":{"workflowId":"2jOdkDR1vrYEl1W0","workflowName":"Crosspost","executionId":"52","nodeType":"n8n-nodes-base.googleDrive","nodeName":"Download file","nodeId":"ac87e443-3099-4f90-99fe-f879e6fc2826"}}
{"__type":"$$EventMessageConfirm","confirm":"a07266b5-ca89-4fa0-8283-5f0a59fae238","ts":"2025-06-27T05:54:03.671-04:00","source":{"id":"0","name":"eventBus"}}
{"__type":"$$EventMessageNode","id":"f1124c90-5c57-4638-affb-8697f3b76c83","ts":"2025-06-27T05:54:06.187-04:00","eventName":"n8n.node.finished","message":"n8n.node.finished","payload":{"workflowId":"2jOdkDR1vrYEl1W0","workflowName":"Crosspost","executionId":"52","nodeType":"n8n-nodes-base.googleDrive","nodeName":"Download file","nodeId":"ac87e443-3099-4f90-99fe-f879e6fc2826"}}
{"__type":"$$EventMessageConfirm","confirm":"f1124c90-5c57-4638-affb-8697f3b76c83","ts":"2025-06-27T05:54:06.187-04:00","source":{"id":"0","name":"eventBus"}}
{"__type":"$$EventMessageNode","id":"5c85fa09-7e24-47b2-bcd8-4cdc44780a96","ts":"2025-06-27T05:54:06.204-04:00","eventName":"n8n.node.started","message":"n8n.node.started","payload":{"workflowId":"2jOdkDR1vrYEl1W0","workflowName":"Crosspost","executionId":"52","nodeType":"n8n-nodes-base.youTube","nodeName":"Upload a video","nodeId":"58a80db7-c5d9-4b5a-810d-ba22ee6c011e"}}
{"__type":"$$EventMessageConfirm","confirm":"5c85fa09-7e24-47b2-bcd8-4cdc44780a96","ts":"2025-06-27T05:54:06.205-04:00","source":{"id":"0","name":"eventBus"}}
{"__type":"$$EventMessageNode","id":"d563bea8-1a0d-425b-9cc9-c69a09ac4ddc","ts":"2025-06-27T05:54:09.031-04:00","eventName":"n8n.node.finished","message":"n8n.node.finished","payload":{"workflowId":"2jOdkDR1vrYEl1W0","workflowName":"Crosspost","executionId":"52","nodeType":"n8n-nodes-base.youTube","nodeName":"Upload a video","nodeId":"58a80db7-c5d9-4b5a-810d-ba22ee6c011e"}}
{"__type":"$$EventMessageConfirm","confirm":"d563bea8-1a0d-425b-9cc9-c69a09ac4ddc","ts":"2025-06-27T05:54:09.032-04:00","source":{"id":"0","name":"eventBus"}}
{"__type":"$$EventMessageNode","id":"3d4088f8-9668-42d9-ab6e-422ca23af0f7","ts":"2025-06-27T05:54:09.032-04:00","eventName":"n8n.node.started","message":"n8n.node.started","payload":{"workflowId":"2jOdkDR1vrYEl1W0","workflowName":"Crosspost","executionId":"52","nodeType":"n8n-nodes-base.splitInBatches","nodeName":"Loop Over Items","nodeId":"46d3c95b-f767-4527-9432-7d4302e48559"}}
{"__type":"$$EventMessageConfirm","confirm":"3d4088f8-9668-42d9-ab6e-422ca23af0f7","ts":"2025-06-27T05:54:09.032-04:00","source":{"id":"0","name":"eventBus"}}
{"__type":"$$EventMessageNode","id":"163330f2-aacc-4cf6-a76a-879bc03ffaa0","ts":"2025-06-27T05:54:09.032-04:00","eventName":"n8n.node.finished","message":"n8n.node.finished","payload":{"workflowId":"2jOdkDR1vrYEl1W0","workflowName":"Crosspost","executionId":"52","nodeType":"n8n-nodes-base.splitInBatches","nodeName":"Loop Over Items","nodeId":"46d3c95b-f767-4527-9432-7d4302e48559"}}
{"__type":"$$EventMessageConfirm","confirm":"163330f2-aacc-4cf6-a76a-879bc03ffaa0","ts":"2025-06-27T05:54:09.032-04:00","source":{"id":"0","name":"eventBus"}}
{"__type":"$$EventMessageWorkflow","id":"66b3bd6c-18d0-4a8a-b8e7-e8b07ad31c3a","ts":"2025-06-27T05:54:09.034-04:00","eventName":"n8n.workflow.success","message":"n8n.workflow.success","payload":{"executionId":"52","userId":"521c1cd5-ffd7-4756-a2c1-694099c3dac1","success":true,"isManual":true,"workflowId":"2jOdkDR1vrYEl1W0","workflowName":"Crosspost"}}
{"__type":"$$EventMessageConfirm","confirm":"66b3bd6c-18d0-4a8a-b8e7-e8b07ad31c3a","ts":"2025-06-27T05:54:09.034-04:00","source":{"id":"0","name":"eventBus"}}
{"__type":"$$EventMessageAudit","id":"99ea186b-ce8a-48ba-bd97-551ab035b6c3","ts":"2025-06-27T07:12:23.165-04:00","eventName":"n8n.audit.workflow.updated","message":"n8n.audit.workflow.updated","payload":{"userId":"521c1cd5-ffd7-4756-a2c1-694099c3dac1","_email":"sreddydk+laptop@gmail.com","_firstName":"Anders","_lastName":"Jacobsen","globalRole":"global:owner","workflowId":"2jOdkDR1vrYEl1W0","workflowName":"Crosspost"}}
{"__type":"$$EventMessageConfirm","confirm":"99ea186b-ce8a-48ba-bd97-551ab035b6c3","ts":"2025-06-27T07:12:23.166-04:00","source":{"id":"0","name":"eventBus"}}
