{"__type":"$$EventMessageAudit","id":"30ae18a6-5088-44d6-a0ad-f4596cd3dfd5","ts":"2025-06-27T16:45:05.673+00:00","eventName":"n8n.audit.workflow.updated","message":"n8n.audit.workflow.updated","payload":{"userId":"521c1cd5-ffd7-4756-a2c1-694099c3dac1","_email":"sreddydk+laptop@gmail.com","_firstName":"Anders","_lastName":"Jacobsen","globalRole":"global:owner","workflowId":"2jOdkDR1vrYEl1W0","workflowName":"Crosspost"}}
{"__type":"$$EventMessageConfirm","confirm":"30ae18a6-5088-44d6-a0ad-f4596cd3dfd5","ts":"2025-06-27T16:45:05.674+00:00","source":{"id":"0","name":"eventBus"}}
{"__type":"$$EventMessageAudit","id":"1341bb4a-16dc-4fce-9c83-3498101b937e","ts":"2025-06-27T16:46:55.249+00:00","eventName":"n8n.audit.workflow.archived","message":"n8n.audit.workflow.archived","payload":{"userId":"521c1cd5-ffd7-4756-a2c1-694099c3dac1","_email":"sreddydk+laptop@gmail.com","_firstName":"Anders","_lastName":"Jacobsen","globalRole":"global:owner","workflowId":"u0Lyr1DHxuZTOeKz"}}
{"__type":"$$EventMessageConfirm","confirm":"1341bb4a-16dc-4fce-9c83-3498101b937e","ts":"2025-06-27T16:46:55.249+00:00","source":{"id":"0","name":"eventBus"}}
{"__type":"$$EventMessageWorkflow","id":"50ec0c1a-b198-4bf5-a1dc-a9f08764b53b","ts":"2025-06-27T17:29:46.044+00:00","eventName":"n8n.workflow.started","message":"n8n.workflow.started","payload":{"executionId":"53","workflowId":"2jOdkDR1vrYEl1W0","isManual":false,"workflowName":"Crosspost"}}
{"__type":"$$EventMessageConfirm","confirm":"50ec0c1a-b198-4bf5-a1dc-a9f08764b53b","ts":"2025-06-27T17:29:46.044+00:00","source":{"id":"0","name":"eventBus"}}
{"__type":"$$EventMessageNode","id":"57282237-b7f9-4af1-ba8b-cba424458110","ts":"2025-06-27T17:29:46.045+00:00","eventName":"n8n.node.started","message":"n8n.node.started","payload":{"workflowId":"2jOdkDR1vrYEl1W0","workflowName":"Crosspost","executionId":"53","nodeType":"n8n-nodes-base.manualTrigger","nodeName":"When clicking ‘Execute workflow’","nodeId":"33c350f9-5716-4812-813f-45ec051183ac"}}
{"__type":"$$EventMessageConfirm","confirm":"57282237-b7f9-4af1-ba8b-cba424458110","ts":"2025-06-27T17:29:46.045+00:00","source":{"id":"0","name":"eventBus"}}
{"__type":"$$EventMessageNode","id":"8787c46f-346b-4dc2-8493-460279df8577","ts":"2025-06-27T17:29:46.047+00:00","eventName":"n8n.node.finished","message":"n8n.node.finished","payload":{"workflowId":"2jOdkDR1vrYEl1W0","workflowName":"Crosspost","executionId":"53","nodeType":"n8n-nodes-base.manualTrigger","nodeName":"When clicking ‘Execute workflow’","nodeId":"33c350f9-5716-4812-813f-45ec051183ac"}}
{"__type":"$$EventMessageConfirm","confirm":"8787c46f-346b-4dc2-8493-460279df8577","ts":"2025-06-27T17:29:46.047+00:00","source":{"id":"0","name":"eventBus"}}
{"__type":"$$EventMessageNode","id":"f2f46e51-c008-4793-b50f-940a7bc602bb","ts":"2025-06-27T17:29:46.047+00:00","eventName":"n8n.node.started","message":"n8n.node.started","payload":{"workflowId":"2jOdkDR1vrYEl1W0","workflowName":"Crosspost","executionId":"53","nodeType":"n8n-nodes-base.googleDrive","nodeName":"Search files and folders","nodeId":"175dc277-0904-4543-97f7-f592f3db5d53"}}
{"__type":"$$EventMessageConfirm","confirm":"f2f46e51-c008-4793-b50f-940a7bc602bb","ts":"2025-06-27T17:29:46.047+00:00","source":{"id":"0","name":"eventBus"}}
{"__type":"$$EventMessageNode","id":"8051d024-da92-4a9e-bf3c-ebee674fece4","ts":"2025-06-27T17:29:46.370+00:00","eventName":"n8n.node.finished","message":"n8n.node.finished","payload":{"workflowId":"2jOdkDR1vrYEl1W0","workflowName":"Crosspost","executionId":"53","nodeType":"n8n-nodes-base.googleDrive","nodeName":"Search files and folders","nodeId":"175dc277-0904-4543-97f7-f592f3db5d53"}}
{"__type":"$$EventMessageConfirm","confirm":"8051d024-da92-4a9e-bf3c-ebee674fece4","ts":"2025-06-27T17:29:46.370+00:00","source":{"id":"0","name":"eventBus"}}
{"__type":"$$EventMessageNode","id":"89e9b242-f46e-45d4-9872-20f453cfa44a","ts":"2025-06-27T17:29:46.370+00:00","eventName":"n8n.node.started","message":"n8n.node.started","payload":{"workflowId":"2jOdkDR1vrYEl1W0","workflowName":"Crosspost","executionId":"53","nodeType":"n8n-nodes-base.splitInBatches","nodeName":"Loop Over Items","nodeId":"46d3c95b-f767-4527-9432-7d4302e48559"}}
{"__type":"$$EventMessageConfirm","confirm":"89e9b242-f46e-45d4-9872-20f453cfa44a","ts":"2025-06-27T17:29:46.370+00:00","source":{"id":"0","name":"eventBus"}}
{"__type":"$$EventMessageNode","id":"6e54d322-ceda-42b3-adc3-8b859915f7d5","ts":"2025-06-27T17:29:46.372+00:00","eventName":"n8n.node.finished","message":"n8n.node.finished","payload":{"workflowId":"2jOdkDR1vrYEl1W0","workflowName":"Crosspost","executionId":"53","nodeType":"n8n-nodes-base.splitInBatches","nodeName":"Loop Over Items","nodeId":"46d3c95b-f767-4527-9432-7d4302e48559"}}
{"__type":"$$EventMessageConfirm","confirm":"6e54d322-ceda-42b3-adc3-8b859915f7d5","ts":"2025-06-27T17:29:46.372+00:00","source":{"id":"0","name":"eventBus"}}
{"__type":"$$EventMessageNode","id":"c14556d9-9edb-465f-9c01-062d70b489f3","ts":"2025-06-27T17:29:46.372+00:00","eventName":"n8n.node.started","message":"n8n.node.started","payload":{"workflowId":"2jOdkDR1vrYEl1W0","workflowName":"Crosspost","executionId":"53","nodeType":"n8n-nodes-base.googleDrive","nodeName":"Download file","nodeId":"ac87e443-3099-4f90-99fe-f879e6fc2826"}}
{"__type":"$$EventMessageConfirm","confirm":"c14556d9-9edb-465f-9c01-062d70b489f3","ts":"2025-06-27T17:29:46.372+00:00","source":{"id":"0","name":"eventBus"}}
{"__type":"$$EventMessageNode","id":"6942c37e-0213-47de-8ecf-a2f34074b501","ts":"2025-06-27T13:29:49.141-04:00","eventName":"n8n.node.finished","message":"n8n.node.finished","payload":{"workflowId":"2jOdkDR1vrYEl1W0","workflowName":"Crosspost","executionId":"53","nodeType":"n8n-nodes-base.googleDrive","nodeName":"Download file","nodeId":"ac87e443-3099-4f90-99fe-f879e6fc2826"}}
{"__type":"$$EventMessageConfirm","confirm":"6942c37e-0213-47de-8ecf-a2f34074b501","ts":"2025-06-27T13:29:49.141-04:00","source":{"id":"0","name":"eventBus"}}
{"__type":"$$EventMessageNode","id":"08337051-3771-4aa4-9af6-624ba2341a1c","ts":"2025-06-27T13:29:49.159-04:00","eventName":"n8n.node.started","message":"n8n.node.started","payload":{"workflowId":"2jOdkDR1vrYEl1W0","workflowName":"Crosspost","executionId":"53","nodeType":"n8n-nodes-base.youTube","nodeName":"Upload a video","nodeId":"58a80db7-c5d9-4b5a-810d-ba22ee6c011e"}}
{"__type":"$$EventMessageConfirm","confirm":"08337051-3771-4aa4-9af6-624ba2341a1c","ts":"2025-06-27T13:29:49.160-04:00","source":{"id":"0","name":"eventBus"}}
{"__type":"$$EventMessageNode","id":"2490d5c0-ef2c-4011-8e63-c1f1959528e3","ts":"2025-06-27T13:29:52.219-04:00","eventName":"n8n.node.finished","message":"n8n.node.finished","payload":{"workflowId":"2jOdkDR1vrYEl1W0","workflowName":"Crosspost","executionId":"53","nodeType":"n8n-nodes-base.youTube","nodeName":"Upload a video","nodeId":"58a80db7-c5d9-4b5a-810d-ba22ee6c011e"}}
{"__type":"$$EventMessageConfirm","confirm":"2490d5c0-ef2c-4011-8e63-c1f1959528e3","ts":"2025-06-27T13:29:52.219-04:00","source":{"id":"0","name":"eventBus"}}
{"__type":"$$EventMessageNode","id":"5951ab33-d6d2-44af-b9ef-02c45165710a","ts":"2025-06-27T13:29:52.219-04:00","eventName":"n8n.node.started","message":"n8n.node.started","payload":{"workflowId":"2jOdkDR1vrYEl1W0","workflowName":"Crosspost","executionId":"53","nodeType":"n8n-nodes-base.googleDrive","nodeName":"Move file","nodeId":"01f40134-83c9-43e1-b136-f23bb6f67146"}}
{"__type":"$$EventMessageConfirm","confirm":"5951ab33-d6d2-44af-b9ef-02c45165710a","ts":"2025-06-27T13:29:52.219-04:00","source":{"id":"0","name":"eventBus"}}
{"__type":"$$EventMessageNode","id":"5a2a8fc3-f8ce-4b19-b8ba-c09407f0a8b6","ts":"2025-06-27T13:29:52.499-04:00","eventName":"n8n.node.finished","message":"n8n.node.finished","payload":{"workflowId":"2jOdkDR1vrYEl1W0","workflowName":"Crosspost","executionId":"53","nodeType":"n8n-nodes-base.googleDrive","nodeName":"Move file","nodeId":"01f40134-83c9-43e1-b136-f23bb6f67146"}}
{"__type":"$$EventMessageConfirm","confirm":"5a2a8fc3-f8ce-4b19-b8ba-c09407f0a8b6","ts":"2025-06-27T13:29:52.500-04:00","source":{"id":"0","name":"eventBus"}}
{"__type":"$$EventMessageWorkflow","id":"3e06fa46-9807-438d-9c1d-9ae07357fa4a","ts":"2025-06-27T13:29:52.507-04:00","eventName":"n8n.workflow.failed","message":"n8n.workflow.failed","payload":{"executionId":"53","userId":"521c1cd5-ffd7-4756-a2c1-694099c3dac1","success":false,"isManual":true,"workflowId":"2jOdkDR1vrYEl1W0","workflowName":"Crosspost","lastNodeExecuted":"Move file","errorNodeType":"n8n-nodes-base.googleDrive","errorMessage":"The resource you are requesting could not be found"}}
{"__type":"$$EventMessageConfirm","confirm":"3e06fa46-9807-438d-9c1d-9ae07357fa4a","ts":"2025-06-27T13:29:52.508-04:00","source":{"id":"0","name":"eventBus"}}
{"__type":"$$EventMessageWorkflow","id":"1fd1ffdf-df04-42db-ac22-7e9f4459d057","ts":"2025-06-27T13:41:06.847-04:00","eventName":"n8n.workflow.started","message":"n8n.workflow.started","payload":{"executionId":"54","workflowId":"2jOdkDR1vrYEl1W0","isManual":false,"workflowName":"Crosspost"}}
{"__type":"$$EventMessageConfirm","confirm":"1fd1ffdf-df04-42db-ac22-7e9f4459d057","ts":"2025-06-27T13:41:06.847-04:00","source":{"id":"0","name":"eventBus"}}
{"__type":"$$EventMessageNode","id":"30bc551b-3c95-4bd5-a2f8-cc6ac031b091","ts":"2025-06-27T13:41:06.848-04:00","eventName":"n8n.node.started","message":"n8n.node.started","payload":{"workflowId":"2jOdkDR1vrYEl1W0","workflowName":"Crosspost","executionId":"54","nodeType":"n8n-nodes-base.manualTrigger","nodeName":"When clicking ‘Execute workflow’","nodeId":"33c350f9-5716-4812-813f-45ec051183ac"}}
{"__type":"$$EventMessageConfirm","confirm":"30bc551b-3c95-4bd5-a2f8-cc6ac031b091","ts":"2025-06-27T13:41:06.848-04:00","source":{"id":"0","name":"eventBus"}}
{"__type":"$$EventMessageNode","id":"1a851e8a-312e-474e-b3e8-4eae509979d1","ts":"2025-06-27T13:41:06.848-04:00","eventName":"n8n.node.finished","message":"n8n.node.finished","payload":{"workflowId":"2jOdkDR1vrYEl1W0","workflowName":"Crosspost","executionId":"54","nodeType":"n8n-nodes-base.manualTrigger","nodeName":"When clicking ‘Execute workflow’","nodeId":"33c350f9-5716-4812-813f-45ec051183ac"}}
{"__type":"$$EventMessageConfirm","confirm":"1a851e8a-312e-474e-b3e8-4eae509979d1","ts":"2025-06-27T13:41:06.849-04:00","source":{"id":"0","name":"eventBus"}}
{"__type":"$$EventMessageNode","id":"3dd3189e-f783-4ebb-83a3-df61ea934d82","ts":"2025-06-27T13:41:06.849-04:00","eventName":"n8n.node.started","message":"n8n.node.started","payload":{"workflowId":"2jOdkDR1vrYEl1W0","workflowName":"Crosspost","executionId":"54","nodeType":"n8n-nodes-base.googleDrive","nodeName":"Search files and folders","nodeId":"175dc277-0904-4543-97f7-f592f3db5d53"}}
{"__type":"$$EventMessageConfirm","confirm":"3dd3189e-f783-4ebb-83a3-df61ea934d82","ts":"2025-06-27T13:41:06.849-04:00","source":{"id":"0","name":"eventBus"}}
{"__type":"$$EventMessageNode","id":"6e2c5790-70f4-4523-9728-fa94d99fa36d","ts":"2025-06-27T13:41:07.232-04:00","eventName":"n8n.node.finished","message":"n8n.node.finished","payload":{"workflowId":"2jOdkDR1vrYEl1W0","workflowName":"Crosspost","executionId":"54","nodeType":"n8n-nodes-base.googleDrive","nodeName":"Search files and folders","nodeId":"175dc277-0904-4543-97f7-f592f3db5d53"}}
{"__type":"$$EventMessageConfirm","confirm":"6e2c5790-70f4-4523-9728-fa94d99fa36d","ts":"2025-06-27T13:41:07.232-04:00","source":{"id":"0","name":"eventBus"}}
{"__type":"$$EventMessageNode","id":"62e1cb35-01fb-4dc0-b944-dd8ec143bda9","ts":"2025-06-27T13:41:07.232-04:00","eventName":"n8n.node.started","message":"n8n.node.started","payload":{"workflowId":"2jOdkDR1vrYEl1W0","workflowName":"Crosspost","executionId":"54","nodeType":"n8n-nodes-base.splitInBatches","nodeName":"Loop Over Items","nodeId":"46d3c95b-f767-4527-9432-7d4302e48559"}}
{"__type":"$$EventMessageConfirm","confirm":"62e1cb35-01fb-4dc0-b944-dd8ec143bda9","ts":"2025-06-27T13:41:07.232-04:00","source":{"id":"0","name":"eventBus"}}
{"__type":"$$EventMessageNode","id":"f8a8caa6-9263-4a94-a202-e89ebed0268c","ts":"2025-06-27T13:41:07.233-04:00","eventName":"n8n.node.finished","message":"n8n.node.finished","payload":{"workflowId":"2jOdkDR1vrYEl1W0","workflowName":"Crosspost","executionId":"54","nodeType":"n8n-nodes-base.splitInBatches","nodeName":"Loop Over Items","nodeId":"46d3c95b-f767-4527-9432-7d4302e48559"}}
{"__type":"$$EventMessageConfirm","confirm":"f8a8caa6-9263-4a94-a202-e89ebed0268c","ts":"2025-06-27T13:41:07.233-04:00","source":{"id":"0","name":"eventBus"}}
{"__type":"$$EventMessageNode","id":"55e9a1bc-2e0a-4c6a-9e17-ea29cef68d0e","ts":"2025-06-27T13:41:07.233-04:00","eventName":"n8n.node.started","message":"n8n.node.started","payload":{"workflowId":"2jOdkDR1vrYEl1W0","workflowName":"Crosspost","executionId":"54","nodeType":"n8n-nodes-base.googleDrive","nodeName":"Download file","nodeId":"ac87e443-3099-4f90-99fe-f879e6fc2826"}}
{"__type":"$$EventMessageConfirm","confirm":"55e9a1bc-2e0a-4c6a-9e17-ea29cef68d0e","ts":"2025-06-27T13:41:07.233-04:00","source":{"id":"0","name":"eventBus"}}
{"__type":"$$EventMessageNode","id":"9529c87a-158f-41d2-904a-083df7847fcd","ts":"2025-06-27T13:41:08.583-04:00","eventName":"n8n.node.finished","message":"n8n.node.finished","payload":{"workflowId":"2jOdkDR1vrYEl1W0","workflowName":"Crosspost","executionId":"54","nodeType":"n8n-nodes-base.googleDrive","nodeName":"Download file","nodeId":"ac87e443-3099-4f90-99fe-f879e6fc2826"}}
{"__type":"$$EventMessageConfirm","confirm":"9529c87a-158f-41d2-904a-083df7847fcd","ts":"2025-06-27T13:41:08.583-04:00","source":{"id":"0","name":"eventBus"}}
{"__type":"$$EventMessageNode","id":"6dde8c9b-74fe-4f63-b931-a7438fd6f909","ts":"2025-06-27T13:41:08.602-04:00","eventName":"n8n.node.started","message":"n8n.node.started","payload":{"workflowId":"2jOdkDR1vrYEl1W0","workflowName":"Crosspost","executionId":"54","nodeType":"n8n-nodes-base.youTube","nodeName":"Upload a video","nodeId":"58a80db7-c5d9-4b5a-810d-ba22ee6c011e"}}
{"__type":"$$EventMessageConfirm","confirm":"6dde8c9b-74fe-4f63-b931-a7438fd6f909","ts":"2025-06-27T13:41:08.602-04:00","source":{"id":"0","name":"eventBus"}}
{"__type":"$$EventMessageNode","id":"6d06cc24-0f59-4bef-9f96-72cb3a867139","ts":"2025-06-27T13:41:11.327-04:00","eventName":"n8n.node.finished","message":"n8n.node.finished","payload":{"workflowId":"2jOdkDR1vrYEl1W0","workflowName":"Crosspost","executionId":"54","nodeType":"n8n-nodes-base.youTube","nodeName":"Upload a video","nodeId":"58a80db7-c5d9-4b5a-810d-ba22ee6c011e"}}
{"__type":"$$EventMessageConfirm","confirm":"6d06cc24-0f59-4bef-9f96-72cb3a867139","ts":"2025-06-27T13:41:11.327-04:00","source":{"id":"0","name":"eventBus"}}
{"__type":"$$EventMessageNode","id":"536bbca4-a50f-44ad-b559-633868c4f317","ts":"2025-06-27T13:41:11.327-04:00","eventName":"n8n.node.started","message":"n8n.node.started","payload":{"workflowId":"2jOdkDR1vrYEl1W0","workflowName":"Crosspost","executionId":"54","nodeType":"n8n-nodes-base.googleDrive","nodeName":"Move file","nodeId":"01f40134-83c9-43e1-b136-f23bb6f67146"}}
{"__type":"$$EventMessageConfirm","confirm":"536bbca4-a50f-44ad-b559-633868c4f317","ts":"2025-06-27T13:41:11.327-04:00","source":{"id":"0","name":"eventBus"}}
{"__type":"$$EventMessageNode","id":"3e367589-4239-4422-a93d-bb1b98bd6211","ts":"2025-06-27T13:41:12.585-04:00","eventName":"n8n.node.finished","message":"n8n.node.finished","payload":{"workflowId":"2jOdkDR1vrYEl1W0","workflowName":"Crosspost","executionId":"54","nodeType":"n8n-nodes-base.googleDrive","nodeName":"Move file","nodeId":"01f40134-83c9-43e1-b136-f23bb6f67146"}}
{"__type":"$$EventMessageConfirm","confirm":"3e367589-4239-4422-a93d-bb1b98bd6211","ts":"2025-06-27T13:41:12.585-04:00","source":{"id":"0","name":"eventBus"}}
{"__type":"$$EventMessageNode","id":"61658afe-3615-4742-96af-7fbc5ec0fab2","ts":"2025-06-27T13:41:12.585-04:00","eventName":"n8n.node.started","message":"n8n.node.started","payload":{"workflowId":"2jOdkDR1vrYEl1W0","workflowName":"Crosspost","executionId":"54","nodeType":"n8n-nodes-base.splitInBatches","nodeName":"Loop Over Items","nodeId":"46d3c95b-f767-4527-9432-7d4302e48559"}}
{"__type":"$$EventMessageConfirm","confirm":"61658afe-3615-4742-96af-7fbc5ec0fab2","ts":"2025-06-27T13:41:12.585-04:00","source":{"id":"0","name":"eventBus"}}
{"__type":"$$EventMessageNode","id":"9aac990e-2774-4d1f-9d42-08cff78a4928","ts":"2025-06-27T13:41:12.585-04:00","eventName":"n8n.node.finished","message":"n8n.node.finished","payload":{"workflowId":"2jOdkDR1vrYEl1W0","workflowName":"Crosspost","executionId":"54","nodeType":"n8n-nodes-base.splitInBatches","nodeName":"Loop Over Items","nodeId":"46d3c95b-f767-4527-9432-7d4302e48559"}}
{"__type":"$$EventMessageConfirm","confirm":"9aac990e-2774-4d1f-9d42-08cff78a4928","ts":"2025-06-27T13:41:12.586-04:00","source":{"id":"0","name":"eventBus"}}
{"__type":"$$EventMessageWorkflow","id":"8b761e59-067f-4ea3-ab03-2ae5e7832e8f","ts":"2025-06-27T13:41:12.587-04:00","eventName":"n8n.workflow.success","message":"n8n.workflow.success","payload":{"executionId":"54","userId":"521c1cd5-ffd7-4756-a2c1-694099c3dac1","success":true,"isManual":true,"workflowId":"2jOdkDR1vrYEl1W0","workflowName":"Crosspost"}}
{"__type":"$$EventMessageConfirm","confirm":"8b761e59-067f-4ea3-ab03-2ae5e7832e8f","ts":"2025-06-27T13:41:12.587-04:00","source":{"id":"0","name":"eventBus"}}
{"__type":"$$EventMessageAudit","id":"b7753524-2ffc-415a-a4b6-dec7d53954a4","ts":"2025-06-27T13:55:00.696-04:00","eventName":"n8n.audit.workflow.updated","message":"n8n.audit.workflow.updated","payload":{"userId":"521c1cd5-ffd7-4756-a2c1-694099c3dac1","_email":"sreddydk+laptop@gmail.com","_firstName":"Anders","_lastName":"Jacobsen","globalRole":"global:owner","workflowId":"2jOdkDR1vrYEl1W0","workflowName":"Crosspost"}}
{"__type":"$$EventMessageConfirm","confirm":"b7753524-2ffc-415a-a4b6-dec7d53954a4","ts":"2025-06-27T13:55:00.697-04:00","source":{"id":"0","name":"eventBus"}}
