{"__type":"$$EventMessageAudit","id":"fe3bd9e5-6eac-4f7b-8355-fab4357f5f4d","ts":"2025-06-27T09:04:11.425+00:00","eventName":"n8n.audit.workflow.updated","message":"n8n.audit.workflow.updated","payload":{"userId":"521c1cd5-ffd7-4756-a2c1-694099c3dac1","_email":"sreddydk+laptop@gmail.com","_firstName":"Anders","_lastName":"Jacobsen","globalRole":"global:owner","workflowId":"2jOdkDR1vrYEl1W0","workflowName":"Crosspost"}}
{"__type":"$$EventMessageConfirm","confirm":"fe3bd9e5-6eac-4f7b-8355-fab4357f5f4d","ts":"2025-06-27T09:04:11.425+00:00","source":{"id":"0","name":"eventBus"}}
{"__type":"$$EventMessageAudit","id":"974e9382-3544-4dab-9664-04358f1fc410","ts":"2025-06-27T09:04:44.245+00:00","eventName":"n8n.audit.user.credentials.created","message":"n8n.audit.user.credentials.created","payload":{"userId":"521c1cd5-ffd7-4756-a2c1-694099c3dac1","_email":"sreddydk+laptop@gmail.com","_firstName":"Anders","_lastName":"Jacobsen","globalRole":"global:owner","credentialType":"googleDriveOAuth2Api","credentialId":"eiBFTRd9lBWmQZLR","publicApi":false,"projectId":"DvljLk94CEJpzYAO","projectType":"personal"}}
{"__type":"$$EventMessageConfirm","confirm":"974e9382-3544-4dab-9664-04358f1fc410","ts":"2025-06-27T09:04:44.245+00:00","source":{"id":"0","name":"eventBus"}}
{"__type":"$$EventMessageAudit","id":"341aa9c3-c291-41c2-b04e-69fc006b5baf","ts":"2025-06-27T09:06:38.925+00:00","eventName":"n8n.audit.user.credentials.updated","message":"n8n.audit.user.credentials.updated","payload":{"userId":"521c1cd5-ffd7-4756-a2c1-694099c3dac1","_email":"sreddydk+laptop@gmail.com","_firstName":"Anders","_lastName":"Jacobsen","globalRole":"global:owner","credentialType":"googleDriveOAuth2Api","credentialId":"eiBFTRd9lBWmQZLR"}}
{"__type":"$$EventMessageConfirm","confirm":"341aa9c3-c291-41c2-b04e-69fc006b5baf","ts":"2025-06-27T09:06:38.925+00:00","source":{"id":"0","name":"eventBus"}}
{"__type":"$$EventMessageWorkflow","id":"d7dd4afc-fc2c-4e8a-88af-b9d2b69c5f87","ts":"2025-06-27T09:07:38.889+00:00","eventName":"n8n.workflow.started","message":"n8n.workflow.started","payload":{"executionId":"42","workflowId":"2jOdkDR1vrYEl1W0","isManual":false,"workflowName":"Crosspost"}}
{"__type":"$$EventMessageConfirm","confirm":"d7dd4afc-fc2c-4e8a-88af-b9d2b69c5f87","ts":"2025-06-27T09:07:38.889+00:00","source":{"id":"0","name":"eventBus"}}
{"__type":"$$EventMessageNode","id":"7895a35f-8cd0-45f4-945a-8af302233b76","ts":"2025-06-27T09:07:38.890+00:00","eventName":"n8n.node.started","message":"n8n.node.started","payload":{"workflowId":"2jOdkDR1vrYEl1W0","workflowName":"Crosspost","executionId":"42","nodeType":"n8n-nodes-base.manualTrigger","nodeName":"When clicking ‘Execute workflow’","nodeId":"33c350f9-5716-4812-813f-45ec051183ac"}}
{"__type":"$$EventMessageConfirm","confirm":"7895a35f-8cd0-45f4-945a-8af302233b76","ts":"2025-06-27T09:07:38.890+00:00","source":{"id":"0","name":"eventBus"}}
{"__type":"$$EventMessageNode","id":"c7f5d992-05eb-444f-ba39-26752c5fb147","ts":"2025-06-27T09:07:38.891+00:00","eventName":"n8n.node.finished","message":"n8n.node.finished","payload":{"workflowId":"2jOdkDR1vrYEl1W0","workflowName":"Crosspost","executionId":"42","nodeType":"n8n-nodes-base.manualTrigger","nodeName":"When clicking ‘Execute workflow’","nodeId":"33c350f9-5716-4812-813f-45ec051183ac"}}
{"__type":"$$EventMessageConfirm","confirm":"c7f5d992-05eb-444f-ba39-26752c5fb147","ts":"2025-06-27T09:07:38.891+00:00","source":{"id":"0","name":"eventBus"}}
{"__type":"$$EventMessageNode","id":"65997094-d991-4512-a9e7-a9a3107528cc","ts":"2025-06-27T09:07:38.892+00:00","eventName":"n8n.node.started","message":"n8n.node.started","payload":{"workflowId":"2jOdkDR1vrYEl1W0","workflowName":"Crosspost","executionId":"42","nodeType":"n8n-nodes-base.googleDrive","nodeName":"Search files and folders","nodeId":"175dc277-0904-4543-97f7-f592f3db5d53"}}
{"__type":"$$EventMessageConfirm","confirm":"65997094-d991-4512-a9e7-a9a3107528cc","ts":"2025-06-27T09:07:38.892+00:00","source":{"id":"0","name":"eventBus"}}
{"__type":"$$EventMessageNode","id":"5d71be44-7191-4896-b23e-8892a0c3d49c","ts":"2025-06-27T09:07:39.293+00:00","eventName":"n8n.node.finished","message":"n8n.node.finished","payload":{"workflowId":"2jOdkDR1vrYEl1W0","workflowName":"Crosspost","executionId":"42","nodeType":"n8n-nodes-base.googleDrive","nodeName":"Search files and folders","nodeId":"175dc277-0904-4543-97f7-f592f3db5d53"}}
{"__type":"$$EventMessageConfirm","confirm":"5d71be44-7191-4896-b23e-8892a0c3d49c","ts":"2025-06-27T09:07:39.293+00:00","source":{"id":"0","name":"eventBus"}}
{"__type":"$$EventMessageWorkflow","id":"9df907ea-ecaf-4211-88c0-459e6e3d7887","ts":"2025-06-27T09:07:39.294+00:00","eventName":"n8n.workflow.success","message":"n8n.workflow.success","payload":{"executionId":"42","userId":"521c1cd5-ffd7-4756-a2c1-694099c3dac1","success":true,"isManual":true,"workflowId":"2jOdkDR1vrYEl1W0","workflowName":"Crosspost"}}
{"__type":"$$EventMessageConfirm","confirm":"9df907ea-ecaf-4211-88c0-459e6e3d7887","ts":"2025-06-27T09:07:39.294+00:00","source":{"id":"0","name":"eventBus"}}
{"__type":"$$EventMessageWorkflow","id":"f23652dd-d100-4de1-bb08-5e04ceeba1e7","ts":"2025-06-27T09:07:54.066+00:00","eventName":"n8n.workflow.started","message":"n8n.workflow.started","payload":{"executionId":"43","workflowId":"2jOdkDR1vrYEl1W0","isManual":false,"workflowName":"Crosspost"}}
{"__type":"$$EventMessageConfirm","confirm":"f23652dd-d100-4de1-bb08-5e04ceeba1e7","ts":"2025-06-27T09:07:54.066+00:00","source":{"id":"0","name":"eventBus"}}
{"__type":"$$EventMessageNode","id":"bb762907-a4c2-4c88-b4e5-9471da236562","ts":"2025-06-27T09:07:54.066+00:00","eventName":"n8n.node.started","message":"n8n.node.started","payload":{"workflowId":"2jOdkDR1vrYEl1W0","workflowName":"Crosspost","executionId":"43","nodeType":"n8n-nodes-base.googleDrive","nodeName":"Search files and folders","nodeId":"175dc277-0904-4543-97f7-f592f3db5d53"}}
{"__type":"$$EventMessageConfirm","confirm":"bb762907-a4c2-4c88-b4e5-9471da236562","ts":"2025-06-27T09:07:54.066+00:00","source":{"id":"0","name":"eventBus"}}
{"__type":"$$EventMessageNode","id":"8d80b1e4-07bb-428b-949f-1df858cab40f","ts":"2025-06-27T09:07:54.417+00:00","eventName":"n8n.node.finished","message":"n8n.node.finished","payload":{"workflowId":"2jOdkDR1vrYEl1W0","workflowName":"Crosspost","executionId":"43","nodeType":"n8n-nodes-base.googleDrive","nodeName":"Search files and folders","nodeId":"175dc277-0904-4543-97f7-f592f3db5d53"}}
{"__type":"$$EventMessageConfirm","confirm":"8d80b1e4-07bb-428b-949f-1df858cab40f","ts":"2025-06-27T09:07:54.417+00:00","source":{"id":"0","name":"eventBus"}}
{"__type":"$$EventMessageWorkflow","id":"d613aa49-ba2a-4b01-b76f-386b735b6a7d","ts":"2025-06-27T09:07:54.418+00:00","eventName":"n8n.workflow.success","message":"n8n.workflow.success","payload":{"executionId":"43","userId":"521c1cd5-ffd7-4756-a2c1-694099c3dac1","success":true,"isManual":true,"workflowId":"2jOdkDR1vrYEl1W0","workflowName":"Crosspost"}}
{"__type":"$$EventMessageConfirm","confirm":"d613aa49-ba2a-4b01-b76f-386b735b6a7d","ts":"2025-06-27T09:07:54.418+00:00","source":{"id":"0","name":"eventBus"}}
{"__type":"$$EventMessageAudit","id":"bbd1960d-3a8c-49bb-b7e9-5e29a612eebe","ts":"2025-06-27T09:07:59.304+00:00","eventName":"n8n.audit.workflow.updated","message":"n8n.audit.workflow.updated","payload":{"userId":"521c1cd5-ffd7-4756-a2c1-694099c3dac1","_email":"sreddydk+laptop@gmail.com","_firstName":"Anders","_lastName":"Jacobsen","globalRole":"global:owner","workflowId":"2jOdkDR1vrYEl1W0","workflowName":"Crosspost"}}
{"__type":"$$EventMessageConfirm","confirm":"bbd1960d-3a8c-49bb-b7e9-5e29a612eebe","ts":"2025-06-27T09:07:59.304+00:00","source":{"id":"0","name":"eventBus"}}
{"__type":"$$EventMessageWorkflow","id":"1ffb06c5-2cb0-46f0-9207-8ede76360b16","ts":"2025-06-27T09:09:25.875+00:00","eventName":"n8n.workflow.started","message":"n8n.workflow.started","payload":{"executionId":"44","workflowId":"2jOdkDR1vrYEl1W0","isManual":false,"workflowName":"Crosspost"}}
{"__type":"$$EventMessageConfirm","confirm":"1ffb06c5-2cb0-46f0-9207-8ede76360b16","ts":"2025-06-27T09:09:25.875+00:00","source":{"id":"0","name":"eventBus"}}
{"__type":"$$EventMessageNode","id":"56c44f6a-07d6-41ba-a7ae-7292a49659a7","ts":"2025-06-27T09:09:25.875+00:00","eventName":"n8n.node.started","message":"n8n.node.started","payload":{"workflowId":"2jOdkDR1vrYEl1W0","workflowName":"Crosspost","executionId":"44","nodeType":"n8n-nodes-base.manualTrigger","nodeName":"When clicking ‘Execute workflow’","nodeId":"33c350f9-5716-4812-813f-45ec051183ac"}}
{"__type":"$$EventMessageConfirm","confirm":"56c44f6a-07d6-41ba-a7ae-7292a49659a7","ts":"2025-06-27T09:09:25.875+00:00","source":{"id":"0","name":"eventBus"}}
{"__type":"$$EventMessageNode","id":"4f4fb230-35c6-4e84-9590-d8fa76c709ec","ts":"2025-06-27T09:09:25.876+00:00","eventName":"n8n.node.finished","message":"n8n.node.finished","payload":{"workflowId":"2jOdkDR1vrYEl1W0","workflowName":"Crosspost","executionId":"44","nodeType":"n8n-nodes-base.manualTrigger","nodeName":"When clicking ‘Execute workflow’","nodeId":"33c350f9-5716-4812-813f-45ec051183ac"}}
{"__type":"$$EventMessageConfirm","confirm":"4f4fb230-35c6-4e84-9590-d8fa76c709ec","ts":"2025-06-27T09:09:25.876+00:00","source":{"id":"0","name":"eventBus"}}
{"__type":"$$EventMessageNode","id":"b7447916-6eee-42e8-a1ef-5e00c7fd7080","ts":"2025-06-27T09:09:25.876+00:00","eventName":"n8n.node.started","message":"n8n.node.started","payload":{"workflowId":"2jOdkDR1vrYEl1W0","workflowName":"Crosspost","executionId":"44","nodeType":"n8n-nodes-base.googleDrive","nodeName":"Search files and folders","nodeId":"175dc277-0904-4543-97f7-f592f3db5d53"}}
{"__type":"$$EventMessageConfirm","confirm":"b7447916-6eee-42e8-a1ef-5e00c7fd7080","ts":"2025-06-27T09:09:25.876+00:00","source":{"id":"0","name":"eventBus"}}
{"__type":"$$EventMessageNode","id":"88e5ed7c-9749-41e9-a41d-9226c010edf1","ts":"2025-06-27T09:09:26.189+00:00","eventName":"n8n.node.finished","message":"n8n.node.finished","payload":{"workflowId":"2jOdkDR1vrYEl1W0","workflowName":"Crosspost","executionId":"44","nodeType":"n8n-nodes-base.googleDrive","nodeName":"Search files and folders","nodeId":"175dc277-0904-4543-97f7-f592f3db5d53"}}
{"__type":"$$EventMessageConfirm","confirm":"88e5ed7c-9749-41e9-a41d-9226c010edf1","ts":"2025-06-27T09:09:26.189+00:00","source":{"id":"0","name":"eventBus"}}
{"__type":"$$EventMessageWorkflow","id":"81cfa39a-b2c5-4183-b014-bb8368f6f04f","ts":"2025-06-27T09:09:26.190+00:00","eventName":"n8n.workflow.success","message":"n8n.workflow.success","payload":{"executionId":"44","userId":"521c1cd5-ffd7-4756-a2c1-694099c3dac1","success":true,"isManual":true,"workflowId":"2jOdkDR1vrYEl1W0","workflowName":"Crosspost"}}
{"__type":"$$EventMessageConfirm","confirm":"81cfa39a-b2c5-4183-b014-bb8368f6f04f","ts":"2025-06-27T09:09:26.190+00:00","source":{"id":"0","name":"eventBus"}}
{"__type":"$$EventMessageWorkflow","id":"872d8c79-8c8e-4a3b-a6c2-1fc735e71d21","ts":"2025-06-27T09:09:29.874+00:00","eventName":"n8n.workflow.started","message":"n8n.workflow.started","payload":{"executionId":"45","workflowId":"2jOdkDR1vrYEl1W0","isManual":false,"workflowName":"Crosspost"}}
{"__type":"$$EventMessageConfirm","confirm":"872d8c79-8c8e-4a3b-a6c2-1fc735e71d21","ts":"2025-06-27T09:09:29.874+00:00","source":{"id":"0","name":"eventBus"}}
{"__type":"$$EventMessageNode","id":"a73305d1-6ccc-40f4-951c-8da83ce36dc6","ts":"2025-06-27T09:09:29.874+00:00","eventName":"n8n.node.started","message":"n8n.node.started","payload":{"workflowId":"2jOdkDR1vrYEl1W0","workflowName":"Crosspost","executionId":"45","nodeType":"n8n-nodes-base.googleDrive","nodeName":"Search files and folders","nodeId":"175dc277-0904-4543-97f7-f592f3db5d53"}}
{"__type":"$$EventMessageConfirm","confirm":"a73305d1-6ccc-40f4-951c-8da83ce36dc6","ts":"2025-06-27T09:09:29.874+00:00","source":{"id":"0","name":"eventBus"}}
{"__type":"$$EventMessageNode","id":"19539e63-4a6d-4855-9bb1-c6c372dfea91","ts":"2025-06-27T09:09:30.185+00:00","eventName":"n8n.node.finished","message":"n8n.node.finished","payload":{"workflowId":"2jOdkDR1vrYEl1W0","workflowName":"Crosspost","executionId":"45","nodeType":"n8n-nodes-base.googleDrive","nodeName":"Search files and folders","nodeId":"175dc277-0904-4543-97f7-f592f3db5d53"}}
{"__type":"$$EventMessageConfirm","confirm":"19539e63-4a6d-4855-9bb1-c6c372dfea91","ts":"2025-06-27T09:09:30.185+00:00","source":{"id":"0","name":"eventBus"}}
{"__type":"$$EventMessageWorkflow","id":"5fa9125b-42c6-41b7-997a-499b91943a73","ts":"2025-06-27T09:09:30.187+00:00","eventName":"n8n.workflow.success","message":"n8n.workflow.success","payload":{"executionId":"45","userId":"521c1cd5-ffd7-4756-a2c1-694099c3dac1","success":true,"isManual":true,"workflowId":"2jOdkDR1vrYEl1W0","workflowName":"Crosspost"}}
{"__type":"$$EventMessageConfirm","confirm":"5fa9125b-42c6-41b7-997a-499b91943a73","ts":"2025-06-27T09:09:30.187+00:00","source":{"id":"0","name":"eventBus"}}
{"__type":"$$EventMessageWorkflow","id":"8c5f5763-50a3-49c2-bc52-f8937c56b60c","ts":"2025-06-27T09:10:25.567+00:00","eventName":"n8n.workflow.started","message":"n8n.workflow.started","payload":{"executionId":"46","workflowId":"2jOdkDR1vrYEl1W0","isManual":false,"workflowName":"Crosspost"}}
{"__type":"$$EventMessageConfirm","confirm":"8c5f5763-50a3-49c2-bc52-f8937c56b60c","ts":"2025-06-27T09:10:25.568+00:00","source":{"id":"0","name":"eventBus"}}
{"__type":"$$EventMessageNode","id":"954a613f-a190-4783-b931-9a263dce4ad5","ts":"2025-06-27T09:10:25.568+00:00","eventName":"n8n.node.started","message":"n8n.node.started","payload":{"workflowId":"2jOdkDR1vrYEl1W0","workflowName":"Crosspost","executionId":"46","nodeType":"n8n-nodes-base.manualTrigger","nodeName":"When clicking ‘Execute workflow’","nodeId":"33c350f9-5716-4812-813f-45ec051183ac"}}
{"__type":"$$EventMessageConfirm","confirm":"954a613f-a190-4783-b931-9a263dce4ad5","ts":"2025-06-27T09:10:25.568+00:00","source":{"id":"0","name":"eventBus"}}
{"__type":"$$EventMessageNode","id":"f9346390-5517-4a97-9b7c-e74380df17d2","ts":"2025-06-27T09:10:25.569+00:00","eventName":"n8n.node.finished","message":"n8n.node.finished","payload":{"workflowId":"2jOdkDR1vrYEl1W0","workflowName":"Crosspost","executionId":"46","nodeType":"n8n-nodes-base.manualTrigger","nodeName":"When clicking ‘Execute workflow’","nodeId":"33c350f9-5716-4812-813f-45ec051183ac"}}
{"__type":"$$EventMessageConfirm","confirm":"f9346390-5517-4a97-9b7c-e74380df17d2","ts":"2025-06-27T09:10:25.569+00:00","source":{"id":"0","name":"eventBus"}}
{"__type":"$$EventMessageNode","id":"3ef97fa2-4525-49de-ad3c-148b7deb8229","ts":"2025-06-27T09:10:25.569+00:00","eventName":"n8n.node.started","message":"n8n.node.started","payload":{"workflowId":"2jOdkDR1vrYEl1W0","workflowName":"Crosspost","executionId":"46","nodeType":"n8n-nodes-base.googleDrive","nodeName":"Search files and folders","nodeId":"175dc277-0904-4543-97f7-f592f3db5d53"}}
{"__type":"$$EventMessageConfirm","confirm":"3ef97fa2-4525-49de-ad3c-148b7deb8229","ts":"2025-06-27T09:10:25.569+00:00","source":{"id":"0","name":"eventBus"}}
{"__type":"$$EventMessageNode","id":"bb692c6f-eef5-4073-a924-a4d66f57fb46","ts":"2025-06-27T09:10:25.901+00:00","eventName":"n8n.node.finished","message":"n8n.node.finished","payload":{"workflowId":"2jOdkDR1vrYEl1W0","workflowName":"Crosspost","executionId":"46","nodeType":"n8n-nodes-base.googleDrive","nodeName":"Search files and folders","nodeId":"175dc277-0904-4543-97f7-f592f3db5d53"}}
{"__type":"$$EventMessageConfirm","confirm":"bb692c6f-eef5-4073-a924-a4d66f57fb46","ts":"2025-06-27T09:10:25.901+00:00","source":{"id":"0","name":"eventBus"}}
{"__type":"$$EventMessageNode","id":"33461229-f878-4750-acb4-c95a3227046b","ts":"2025-06-27T09:10:25.902+00:00","eventName":"n8n.node.started","message":"n8n.node.started","payload":{"workflowId":"2jOdkDR1vrYEl1W0","workflowName":"Crosspost","executionId":"46","nodeType":"n8n-nodes-base.splitInBatches","nodeName":"Loop Over Items","nodeId":"46d3c95b-f767-4527-9432-7d4302e48559"}}
{"__type":"$$EventMessageConfirm","confirm":"33461229-f878-4750-acb4-c95a3227046b","ts":"2025-06-27T09:10:25.902+00:00","source":{"id":"0","name":"eventBus"}}
{"__type":"$$EventMessageNode","id":"460664c1-d7e4-4cf7-8a56-167fd21ff2d8","ts":"2025-06-27T09:10:25.902+00:00","eventName":"n8n.node.finished","message":"n8n.node.finished","payload":{"workflowId":"2jOdkDR1vrYEl1W0","workflowName":"Crosspost","executionId":"46","nodeType":"n8n-nodes-base.splitInBatches","nodeName":"Loop Over Items","nodeId":"46d3c95b-f767-4527-9432-7d4302e48559"}}
{"__type":"$$EventMessageConfirm","confirm":"460664c1-d7e4-4cf7-8a56-167fd21ff2d8","ts":"2025-06-27T09:10:25.902+00:00","source":{"id":"0","name":"eventBus"}}
{"__type":"$$EventMessageWorkflow","id":"5ff26c82-f38a-4272-beca-3ac12fb0d9fd","ts":"2025-06-27T09:10:25.903+00:00","eventName":"n8n.workflow.success","message":"n8n.workflow.success","payload":{"executionId":"46","userId":"521c1cd5-ffd7-4756-a2c1-694099c3dac1","success":true,"isManual":true,"workflowId":"2jOdkDR1vrYEl1W0","workflowName":"Crosspost"}}
{"__type":"$$EventMessageConfirm","confirm":"5ff26c82-f38a-4272-beca-3ac12fb0d9fd","ts":"2025-06-27T09:10:25.903+00:00","source":{"id":"0","name":"eventBus"}}
{"__type":"$$EventMessageWorkflow","id":"f0fce975-69d7-4780-9655-9e9556bf6df2","ts":"2025-06-27T09:11:10.589+00:00","eventName":"n8n.workflow.started","message":"n8n.workflow.started","payload":{"executionId":"47","workflowId":"2jOdkDR1vrYEl1W0","isManual":false,"workflowName":"Crosspost"}}
{"__type":"$$EventMessageConfirm","confirm":"f0fce975-69d7-4780-9655-9e9556bf6df2","ts":"2025-06-27T09:11:10.589+00:00","source":{"id":"0","name":"eventBus"}}
{"__type":"$$EventMessageNode","id":"1c7c70a1-573a-419c-b79a-acd3335586f5","ts":"2025-06-27T09:11:10.589+00:00","eventName":"n8n.node.started","message":"n8n.node.started","payload":{"workflowId":"2jOdkDR1vrYEl1W0","workflowName":"Crosspost","executionId":"47","nodeType":"n8n-nodes-base.splitInBatches","nodeName":"Loop Over Items","nodeId":"46d3c95b-f767-4527-9432-7d4302e48559"}}
{"__type":"$$EventMessageConfirm","confirm":"1c7c70a1-573a-419c-b79a-acd3335586f5","ts":"2025-06-27T09:11:10.589+00:00","source":{"id":"0","name":"eventBus"}}
{"__type":"$$EventMessageNode","id":"2dfb2b2b-1615-416a-a709-7859f955e8a8","ts":"2025-06-27T09:11:10.590+00:00","eventName":"n8n.node.finished","message":"n8n.node.finished","payload":{"workflowId":"2jOdkDR1vrYEl1W0","workflowName":"Crosspost","executionId":"47","nodeType":"n8n-nodes-base.splitInBatches","nodeName":"Loop Over Items","nodeId":"46d3c95b-f767-4527-9432-7d4302e48559"}}
{"__type":"$$EventMessageConfirm","confirm":"2dfb2b2b-1615-416a-a709-7859f955e8a8","ts":"2025-06-27T09:11:10.590+00:00","source":{"id":"0","name":"eventBus"}}
{"__type":"$$EventMessageNode","id":"d105b471-f886-421c-87a7-8ffd7f2d6704","ts":"2025-06-27T09:11:10.591+00:00","eventName":"n8n.node.started","message":"n8n.node.started","payload":{"workflowId":"2jOdkDR1vrYEl1W0","workflowName":"Crosspost","executionId":"47","nodeType":"n8n-nodes-base.googleDrive","nodeName":"Download file","nodeId":"ac87e443-3099-4f90-99fe-f879e6fc2826"}}
{"__type":"$$EventMessageConfirm","confirm":"d105b471-f886-421c-87a7-8ffd7f2d6704","ts":"2025-06-27T09:11:10.591+00:00","source":{"id":"0","name":"eventBus"}}
{"__type":"$$EventMessageNode","id":"65850de1-81ea-403d-b9cf-99dea0eafb8c","ts":"2025-06-27T05:11:11.413-04:00","eventName":"n8n.node.finished","message":"n8n.node.finished","payload":{"workflowId":"2jOdkDR1vrYEl1W0","workflowName":"Crosspost","executionId":"47","nodeType":"n8n-nodes-base.googleDrive","nodeName":"Download file","nodeId":"ac87e443-3099-4f90-99fe-f879e6fc2826"}}
{"__type":"$$EventMessageConfirm","confirm":"65850de1-81ea-403d-b9cf-99dea0eafb8c","ts":"2025-06-27T05:11:11.413-04:00","source":{"id":"0","name":"eventBus"}}
{"__type":"$$EventMessageWorkflow","id":"ac01fecd-a37c-4b23-a28b-0ba42d6d085b","ts":"2025-06-27T05:11:11.414-04:00","eventName":"n8n.workflow.success","message":"n8n.workflow.success","payload":{"executionId":"47","userId":"521c1cd5-ffd7-4756-a2c1-694099c3dac1","success":true,"isManual":true,"workflowId":"2jOdkDR1vrYEl1W0","workflowName":"Crosspost"}}
{"__type":"$$EventMessageConfirm","confirm":"ac01fecd-a37c-4b23-a28b-0ba42d6d085b","ts":"2025-06-27T05:11:11.414-04:00","source":{"id":"0","name":"eventBus"}}
{"__type":"$$EventMessageAudit","id":"11e0fff5-1aa9-481f-8cdb-7923b480a7a2","ts":"2025-06-27T05:11:23.970-04:00","eventName":"n8n.audit.workflow.updated","message":"n8n.audit.workflow.updated","payload":{"userId":"521c1cd5-ffd7-4756-a2c1-694099c3dac1","_email":"sreddydk+laptop@gmail.com","_firstName":"Anders","_lastName":"Jacobsen","globalRole":"global:owner","workflowId":"2jOdkDR1vrYEl1W0","workflowName":"Crosspost"}}
{"__type":"$$EventMessageConfirm","confirm":"11e0fff5-1aa9-481f-8cdb-7923b480a7a2","ts":"2025-06-27T05:11:23.970-04:00","source":{"id":"0","name":"eventBus"}}
